TensorFlow Version: 1.11.0
2018-10-17 16:54:31.615790: I tensorflow/core/platform/cpu_feature_guard.cc:141] Your CPU supports instructions that this TensorFlow binary was not compiled to use: SSE4.1 SSE4.2 AVX AVX2 FMA
2018-10-17 16:54:36.329010: I tensorflow/core/common_runtime/gpu/gpu_device.cc:1411] Found device 0 with properties: 
name: TITAN Xp major: 6 minor: 1 memoryClockRate(GHz): 1.582
pciBusID: 0000:04:00.0
totalMemory: 11.91GiB freeMemory: 11.74GiB
2018-10-17 16:54:36.329095: I tensorflow/core/common_runtime/gpu/gpu_device.cc:1490] Adding visible gpu devices: 0
2018-10-17 16:54:36.694281: I tensorflow/core/common_runtime/gpu/gpu_device.cc:971] Device interconnect StreamExecutor with strength 1 edge matrix:
2018-10-17 16:54:36.694349: I tensorflow/core/common_runtime/gpu/gpu_device.cc:977]      0 
2018-10-17 16:54:36.694360: I tensorflow/core/common_runtime/gpu/gpu_device.cc:990] 0:   N 
2018-10-17 16:54:36.694759: I tensorflow/core/common_runtime/gpu/gpu_device.cc:1103] Created TensorFlow device (/device:GPU:0 with 11361 MB memory) -> physical GPU (device: 0, name: TITAN Xp, pci bus id: 0000:04:00.0, compute capability: 6.1)
2018-10-17 16:54:36.900400: I tensorflow/core/common_runtime/gpu/gpu_device.cc:1490] Adding visible gpu devices: 0
2018-10-17 16:54:36.900471: I tensorflow/core/common_runtime/gpu/gpu_device.cc:971] Device interconnect StreamExecutor with strength 1 edge matrix:
2018-10-17 16:54:36.900481: I tensorflow/core/common_runtime/gpu/gpu_device.cc:977]      0 
2018-10-17 16:54:36.900487: I tensorflow/core/common_runtime/gpu/gpu_device.cc:990] 0:   N 
2018-10-17 16:54:36.900641: I tensorflow/core/common_runtime/gpu/gpu_device.cc:1103] Created TensorFlow device (/device:GPU:0 with 11361 MB memory) -> physical GPU (device: 0, name: TITAN Xp, pci bus id: 0000:04:00.0, compute capability: 6.1)
Default GPU Device: /device:GPU:0
2018-10-17 16:54:36.918673: I tensorflow/core/common_runtime/gpu/gpu_device.cc:1490] Adding visible gpu devices: 0
2018-10-17 16:54:36.918734: I tensorflow/core/common_runtime/gpu/gpu_device.cc:971] Device interconnect StreamExecutor with strength 1 edge matrix:
2018-10-17 16:54:36.918743: I tensorflow/core/common_runtime/gpu/gpu_device.cc:977]      0 
2018-10-17 16:54:36.918749: I tensorflow/core/common_runtime/gpu/gpu_device.cc:990] 0:   N 
2018-10-17 16:54:36.918906: I tensorflow/core/common_runtime/gpu/gpu_device.cc:1103] Created TensorFlow device (/job:localhost/replica:0/task:0/device:GPU:0 with 11361 MB memory) -> physical GPU (device: 0, name: TITAN Xp, pci bus id: 0000:04:00.0, compute capability: 6.1)
Tests Passed
Tests Passed
WARNING:tensorflow:From main.py:91: softmax_cross_entropy_with_logits (from tensorflow.python.ops.nn_ops) is deprecated and will be removed in a future version.
Instructions for updating:

Future major versions of TensorFlow will allow gradients to flow
into the labels input on backprop by default.

See `tf.nn.softmax_cross_entropy_with_logits_v2`.

2018-10-17 16:54:37.262209: I tensorflow/core/common_runtime/gpu/gpu_device.cc:1490] Adding visible gpu devices: 0
2018-10-17 16:54:37.262281: I tensorflow/core/common_runtime/gpu/gpu_device.cc:971] Device interconnect StreamExecutor with strength 1 edge matrix:
2018-10-17 16:54:37.262296: I tensorflow/core/common_runtime/gpu/gpu_device.cc:977]      0 
2018-10-17 16:54:37.262306: I tensorflow/core/common_runtime/gpu/gpu_device.cc:990] 0:   N 
2018-10-17 16:54:37.262510: I tensorflow/core/common_runtime/gpu/gpu_device.cc:1103] Created TensorFlow device (/job:localhost/replica:0/task:0/device:GPU:0 with 11361 MB memory) -> physical GPU (device: 0, name: TITAN Xp, pci bus id: 0000:04:00.0, compute capability: 6.1)
Tests Passed
2018-10-17 16:54:37.319635: I tensorflow/core/common_runtime/gpu/gpu_device.cc:1490] Adding visible gpu devices: 0
2018-10-17 16:54:37.319678: I tensorflow/core/common_runtime/gpu/gpu_device.cc:971] Device interconnect StreamExecutor with strength 1 edge matrix:
2018-10-17 16:54:37.319692: I tensorflow/core/common_runtime/gpu/gpu_device.cc:977]      0 
2018-10-17 16:54:37.319701: I tensorflow/core/common_runtime/gpu/gpu_device.cc:990] 0:   N 
2018-10-17 16:54:37.319868: I tensorflow/core/common_runtime/gpu/gpu_device.cc:1103] Created TensorFlow device (/job:localhost/replica:0/task:0/device:GPU:0 with 11361 MB memory) -> physical GPU (device: 0, name: TITAN Xp, pci bus id: 0000:04:00.0, compute capability: 6.1)
Tests Passed
Tests Passed
2018-10-17 16:54:37.336645: I tensorflow/core/common_runtime/gpu/gpu_device.cc:1490] Adding visible gpu devices: 0
2018-10-17 16:54:37.336707: I tensorflow/core/common_runtime/gpu/gpu_device.cc:971] Device interconnect StreamExecutor with strength 1 edge matrix:
2018-10-17 16:54:37.336724: I tensorflow/core/common_runtime/gpu/gpu_device.cc:977]      0 
2018-10-17 16:54:37.336737: I tensorflow/core/common_runtime/gpu/gpu_device.cc:990] 0:   N 
2018-10-17 16:54:37.336945: I tensorflow/core/common_runtime/gpu/gpu_device.cc:1103] Created TensorFlow device (/job:localhost/replica:0/task:0/device:GPU:0 with 11361 MB memory) -> physical GPU (device: 0, name: TITAN Xp, pci bus id: 0000:04:00.0, compute capability: 6.1)
2018-10-17 16:54:40.356832: W tensorflow/core/graph/graph_constructor.cc:1263] Importing a graph with a lower producer version 21 into an existing graph with producer version 27. Shape inference will have run different parts of the graph with different producer versions.
Epoch: 0/30 | Loss: 0.5995265245437622
Epoch: 1/30 | Loss: 0.3662298917770386
Epoch: 2/30 | Loss: 0.13845929503440857
Epoch: 3/30 | Loss: 0.16530248522758484
Epoch: 4/30 | Loss: 0.11410918831825256
Epoch: 5/30 | Loss: 0.1005961075425148
Epoch: 6/30 | Loss: 0.12128671258687973
Epoch: 7/30 | Loss: 0.0730721652507782
Epoch: 8/30 | Loss: 0.12095878273248672
Epoch: 9/30 | Loss: 0.04339121654629707
Epoch: 10/30 | Loss: 0.07394850999116898
Epoch: 11/30 | Loss: 0.10452546179294586
Epoch: 12/30 | Loss: 0.050710681825876236
Epoch: 13/30 | Loss: 0.05049118399620056
Epoch: 14/30 | Loss: 0.0345899723470211
Epoch: 15/30 | Loss: 0.04979764670133591
Epoch: 16/30 | Loss: 0.0560092069208622
Epoch: 17/30 | Loss: 0.03912179917097092
Epoch: 18/30 | Loss: 0.02825864404439926
Epoch: 19/30 | Loss: 0.062495749443769455
Epoch: 20/30 | Loss: 0.048697613179683685
Epoch: 21/30 | Loss: 0.06911934912204742
Epoch: 22/30 | Loss: 0.022639626637101173
Epoch: 23/30 | Loss: 0.061653021723032
Epoch: 24/30 | Loss: 0.07897065579891205
Epoch: 25/30 | Loss: 0.016788341104984283
Epoch: 26/30 | Loss: 0.05193464457988739
Epoch: 27/30 | Loss: 0.12500132620334625
Epoch: 28/30 | Loss: 0.01885330118238926
Epoch: 29/30 | Loss: 0.02249537594616413
Training Finished. Saving test images to: ./runs/1539821138.7871888
